{"level":"error","message":"Fri Nov 17 2023 19:04:07 GMT+0100 (West Africa Standard Time)-{\"statusCode\":500,\"errorType\":\"INTERNAL_ERROR\",\"isOperational\":true,\"logError\":true}","private":true}
{"level":"error","message":"Fri Nov 17 2023 19:06:19 GMT+0100 (West Africa Standard Time)-{\"statusCode\":500,\"errorType\":\"INTERNAL_ERROR\",\"isOperational\":true,\"logError\":true}","private":true}
{"level":"error","message":"Fri Nov 17 2023 19:16:20 GMT+0100 (West Africa Standard Time)-{\"statusCode\":500,\"errorType\":\"INTERNAL_ERROR\",\"isOperational\":true,\"logError\":true}","private":true}
{"level":"error","message":"Fri Nov 17 2023 19:28:00 GMT+0100 (West Africa Standard Time)-{\"statusCode\":500,\"errorType\":\"INTERNAL_ERROR\",\"isOperational\":true,\"logError\":true}","private":true}
{"level":"error","message":"Fri Nov 17 2023 21:02:19 GMT+0100 (West Africa Standard Time)-{\"statusCode\":500,\"errorType\":\"INTERNAL_ERROR\",\"isOperational\":true,\"logError\":true}","private":true}
{"level":"error","message":"Fri Nov 17 2023 21:04:23 GMT+0100 (West Africa Standard Time)-{\"statusCode\":500,\"errorType\":\"INTERNAL_ERROR\",\"isOperational\":true,\"logError\":true}","private":true}
{"level":"error","message":"Fri Nov 17 2023 21:07:26 GMT+0100 (West Africa Standard Time)-{\"statusCode\":500,\"errorType\":\"INTERNAL_ERROR\",\"isOperational\":true,\"logError\":true}","private":true}
{"level":"error","message":"Fri Nov 17 2023 21:13:43 GMT+0100 (West Africa Standard Time)-{\"statusCode\":500,\"errorType\":\"INTERNAL_ERROR\",\"isOperational\":true,\"logError\":true}","private":true}
{"level":"error","message":"Fri Nov 17 2023 21:14:11 GMT+0100 (West Africa Standard Time)-{\"statusCode\":500,\"errorType\":\"INTERNAL_ERROR\",\"isOperational\":true,\"logError\":true}","private":true}
{"level":"error","message":"Fri Nov 17 2023 21:16:09 GMT+0100 (West Africa Standard Time)-{\"statusCode\":500,\"errorType\":\"INTERNAL_ERROR\",\"isOperational\":true,\"logError\":true}","private":true}
{"level":"error","message":"Fri Nov 17 2023 21:18:00 GMT+0100 (West Africa Standard Time)-{\"statusCode\":500,\"errorType\":\"INTERNAL_ERROR\",\"isOperational\":true,\"logError\":true}","private":true}
{"level":"error","message":"Fri Nov 17 2023 21:23:05 GMT+0100 (West Africa Standard Time)-{\"statusCode\":500,\"errorType\":\"INTERNAL_ERROR\",\"isOperational\":true,\"logError\":true}","private":true}
{"level":"error","message":"Fri Nov 17 2023 21:26:00 GMT+0100 (West Africa Standard Time)-{\"statusCode\":500,\"errorType\":\"INTERNAL_ERROR\",\"isOperational\":true,\"logError\":true}","private":true}
{"level":"error","message":"Fri Nov 17 2023 21:26:12 GMT+0100 (West Africa Standard Time)-{\"statusCode\":500,\"errorType\":\"INTERNAL_ERROR\",\"isOperational\":true,\"logError\":true}","private":true}
{"level":"error","message":"Fri Nov 17 2023 21:26:30 GMT+0100 (West Africa Standard Time)-{\"statusCode\":500,\"errorType\":\"INTERNAL_ERROR\",\"isOperational\":true,\"logError\":true}","private":true}
{"level":"error","message":"Fri Nov 17 2023 21:26:52 GMT+0100 (West Africa Standard Time)-{\"statusCode\":500,\"errorType\":\"INTERNAL_ERROR\",\"isOperational\":true,\"logError\":true}","private":true}
{"level":"error","message":"Fri Nov 17 2023 21:34:45 GMT+0100 (West Africa Standard Time)-{\"statusCode\":500,\"errorType\":\"INTERNAL_ERROR\",\"isOperational\":true,\"logError\":true}","private":true}
{"level":"error","message":"Fri Nov 17 2023 21:41:04 GMT+0100 (West Africa Standard Time)-{\"statusCode\":500,\"errorType\":\"INTERNAL_ERROR\",\"isOperational\":true,\"logError\":true}","private":true}
{"level":"error","message":"Fri Nov 17 2023 21:42:20 GMT+0100 (West Africa Standard Time)-{\"statusCode\":500,\"errorType\":\"INTERNAL_ERROR\",\"isOperational\":true,\"logError\":true}","private":true}
{"level":"error","message":"Fri Nov 17 2023 21:42:40 GMT+0100 (West Africa Standard Time)-{\"statusCode\":500,\"errorType\":\"INTERNAL_ERROR\",\"isOperational\":true,\"logError\":true}","private":true}
{"level":"error","message":"Fri Nov 17 2023 21:44:12 GMT+0100 (West Africa Standard Time)-{\"statusCode\":500,\"errorType\":\"INTERNAL_ERROR\",\"isOperational\":true,\"logError\":true}","private":true}
{"level":"error","message":"Fri Nov 17 2023 21:52:02 GMT+0100 (West Africa Standard Time)-{\"statusCode\":500,\"errorType\":\"INTERNAL_ERROR\",\"isOperational\":true,\"logError\":true}","private":true}
{"level":"error","message":"Fri Nov 17 2023 21:59:49 GMT+0100 (West Africa Standard Time)-{\"statusCode\":500,\"errorType\":\"INTERNAL_ERROR\",\"isOperational\":true,\"logError\":true}","private":true}
{"level":"error","message":"Fri Nov 17 2023 21:59:55 GMT+0100 (West Africa Standard Time)-{\"statusCode\":500,\"errorType\":\"INTERNAL_ERROR\",\"isOperational\":true,\"logError\":true}","private":true}
{"level":"error","message":"Fri Nov 17 2023 22:04:07 GMT+0100 (West Africa Standard Time)-{\"statusCode\":500,\"errorType\":\"INTERNAL_ERROR\",\"isOperational\":true,\"logError\":true}","private":true}
{"level":"error","message":"Fri Nov 17 2023 22:07:48 GMT+0100 (West Africa Standard Time)-{\"statusCode\":500,\"errorType\":\"INTERNAL_ERROR\",\"isOperational\":true,\"logError\":true}","private":true}
{"level":"error","message":"Fri Nov 17 2023 22:09:23 GMT+0100 (West Africa Standard Time)-{\"statusCode\":500,\"errorType\":\"INTERNAL_ERROR\",\"isOperational\":true,\"logError\":true}","private":true}
{"level":"error","message":"Fri Nov 17 2023 22:12:05 GMT+0100 (West Africa Standard Time)-{\"statusCode\":500,\"errorType\":\"INTERNAL_ERROR\",\"isOperational\":true,\"logError\":true}","private":true}
{"level":"error","message":"Fri Nov 17 2023 22:17:53 GMT+0100 (West Africa Standard Time)-{}","private":true}
{"level":"error","message":"Fri Nov 17 2023 22:20:26 GMT+0100 (West Africa Standard Time)-{}","private":true}
{"level":"error","message":"Fri Nov 17 2023 22:25:33 GMT+0100 (West Africa Standard Time)-{}","private":true}
{"level":"error","message":"Fri Nov 17 2023 22:56:04 GMT+0100 (West Africa Standard Time)-{\"statusCode\":500,\"errorType\":\"INTERNAL_ERROR\",\"isOperational\":true,\"logError\":true}","private":true}
{"level":"error","message":"Fri Nov 17 2023 23:04:40 GMT+0100 (West Africa Standard Time)-{\"statusCode\":500,\"errorType\":\"INTERNAL_ERROR\",\"isOperational\":true,\"logError\":true}","private":true}
{"level":"error","message":"Fri Nov 17 2023 23:05:11 GMT+0100 (West Africa Standard Time)-{\"statusCode\":500,\"errorType\":\"INTERNAL_ERROR\",\"isOperational\":true,\"logError\":true}","private":true}
{"level":"error","message":"Fri Nov 17 2023 23:06:07 GMT+0100 (West Africa Standard Time)-{\"statusCode\":500,\"errorType\":\"INTERNAL_ERROR\",\"isOperational\":true,\"logError\":true}","private":true}
{"level":"error","message":"Fri Nov 17 2023 23:06:21 GMT+0100 (West Africa Standard Time)-{\"statusCode\":500,\"errorType\":\"INTERNAL_ERROR\",\"isOperational\":true,\"logError\":true}","private":true}
{"level":"error","message":"Fri Nov 17 2023 23:06:31 GMT+0100 (West Africa Standard Time)-{\"statusCode\":500,\"errorType\":\"INTERNAL_ERROR\",\"isOperational\":true,\"logError\":true}","private":true}
{"level":"error","message":"Fri Nov 17 2023 23:06:34 GMT+0100 (West Africa Standard Time)-{\"statusCode\":500,\"errorType\":\"INTERNAL_ERROR\",\"isOperational\":true,\"logError\":true}","private":true}
{"level":"error","message":"Fri Nov 17 2023 23:06:37 GMT+0100 (West Africa Standard Time)-{\"statusCode\":500,\"errorType\":\"INTERNAL_ERROR\",\"isOperational\":true,\"logError\":true}","private":true}
{"level":"error","message":"Fri Nov 17 2023 23:14:45 GMT+0100 (West Africa Standard Time)-{\"statusCode\":500,\"errorType\":\"INTERNAL_ERROR\",\"isOperational\":true,\"logError\":true}","private":true}
{"level":"error","message":"Fri Nov 17 2023 23:23:29 GMT+0100 (West Africa Standard Time)-{\"statusCode\":500,\"errorType\":\"INTERNAL_ERROR\",\"isOperational\":true,\"logError\":true}","private":true}
{"level":"error","message":"Fri Nov 17 2023 23:26:25 GMT+0100 (West Africa Standard Time)-{\"statusCode\":500,\"errorType\":\"INTERNAL_ERROR\",\"isOperational\":true,\"logError\":true}","private":true}
{"level":"error","message":"Fri Nov 17 2023 23:27:33 GMT+0100 (West Africa Standard Time)-{\"statusCode\":500,\"errorType\":\"INTERNAL_ERROR\",\"isOperational\":true,\"logError\":true}","private":true}
{"level":"error","message":"Fri Nov 17 2023 23:28:25 GMT+0100 (West Africa Standard Time)-{\"statusCode\":500,\"errorType\":\"INTERNAL_ERROR\",\"isOperational\":true,\"logError\":true}","private":true}
{"level":"error","message":"Fri Nov 17 2023 23:33:01 GMT+0100 (West Africa Standard Time)-{\"statusCode\":500,\"errorType\":\"INTERNAL_ERROR\",\"isOperational\":true,\"logError\":true}","private":true}
{"level":"error","message":"Fri Nov 17 2023 23:53:55 GMT+0100 (West Africa Standard Time)-{}","private":true}
{"level":"error","message":"Fri Nov 17 2023 23:54:25 GMT+0100 (West Africa Standard Time)-{}","private":true}
{"level":"error","message":"Fri Nov 17 2023 23:55:59 GMT+0100 (West Africa Standard Time)-{}","private":true}
{"level":"error","message":"Fri Nov 17 2023 23:56:30 GMT+0100 (West Africa Standard Time)-{}","private":true}
{"level":"error","message":"Fri Nov 17 2023 23:57:35 GMT+0100 (West Africa Standard Time)-{}","private":true}
{"level":"error","message":"Fri Nov 17 2023 23:58:58 GMT+0100 (West Africa Standard Time)-{}","private":true}
{"level":"error","message":"Sat Nov 18 2023 00:03:17 GMT+0100 (West Africa Standard Time)-{}","private":true}
{"level":"error","message":"Sat Nov 18 2023 01:22:10 GMT+0100 (West Africa Standard Time)-{\"expose\":true,\"statusCode\":400,\"status\":400,\"body\":\"{\\r\\n  \\\"firstName\\\": \\\"Schekina\\\",\\r\\n}\",\"type\":\"entity.parse.failed\"}","private":true}
{"level":"error","message":"Sat Nov 18 2023 01:57:19 GMT+0100 (West Africa Standard Time)-{\"statusCode\":400,\"errorType\":\"BAD_REQUEST\",\"isOperational\":true,\"logError\":true}","private":true}
{"level":"error","message":"Sat Nov 18 2023 02:20:44 GMT+0100 (West Africa Standard Time)-{\"statusCode\":400,\"errorType\":\"BAD_REQUEST\",\"isOperational\":true,\"logError\":true}","private":true}
{"level":"error","message":"Sat Nov 18 2023 02:42:58 GMT+0100 (West Africa Standard Time)-{\"statusCode\":500,\"errorType\":\"INTERNAL_ERROR\",\"isOperational\":true,\"logError\":true}","private":true}
{"level":"error","message":"Sat Nov 18 2023 02:43:05 GMT+0100 (West Africa Standard Time)-{\"statusCode\":500,\"errorType\":\"INTERNAL_ERROR\",\"isOperational\":true,\"logError\":true}","private":true}
{"level":"error","message":"Sat Nov 18 2023 02:44:04 GMT+0100 (West Africa Standard Time)-{\"statusCode\":500,\"errorType\":\"INTERNAL_ERROR\",\"isOperational\":true,\"logError\":true}","private":true}
{"level":"error","message":"Sat Nov 18 2023 02:46:20 GMT+0100 (West Africa Standard Time)-{\"statusCode\":500,\"errorType\":\"INTERNAL_ERROR\",\"isOperational\":true,\"logError\":true}","private":true}
{"level":"error","message":"Sat Nov 18 2023 03:58:32 GMT+0100 (West Africa Standard Time)-{\"statusCode\":500,\"errorType\":\"INTERNAL_ERROR\",\"isOperational\":true,\"logError\":true}","private":true}
{"level":"error","message":"Sat Nov 18 2023 04:00:01 GMT+0100 (West Africa Standard Time)-{\"statusCode\":500,\"errorType\":\"INTERNAL_ERROR\",\"isOperational\":true,\"logError\":true}","private":true}
{"level":"error","message":"Sat Nov 18 2023 04:05:14 GMT+0100 (West Africa Standard Time)-{\"statusCode\":500,\"errorType\":\"INTERNAL_ERROR\",\"isOperational\":true,\"logError\":true}","private":true}
{"level":"error","message":"Sat Nov 18 2023 04:08:13 GMT+0100 (West Africa Standard Time)-{\"statusCode\":500,\"errorType\":\"INTERNAL_ERROR\",\"isOperational\":true,\"logError\":true}","private":true}
{"level":"error","message":"Sat Nov 18 2023 04:09:03 GMT+0100 (West Africa Standard Time)-{\"statusCode\":500,\"errorType\":\"INTERNAL_ERROR\",\"isOperational\":true,\"logError\":true}","private":true}
{"level":"error","message":"Sat Nov 18 2023 07:17:28 GMT+0100 (West Africa Standard Time)-{\"statusCode\":500,\"errorType\":\"INTERNAL_ERROR\",\"isOperational\":true,\"logError\":true}","private":true}
{"level":"error","message":"Sat Nov 18 2023 07:19:30 GMT+0100 (West Africa Standard Time)-{\"statusCode\":500,\"errorType\":\"INTERNAL_ERROR\",\"isOperational\":true,\"logError\":true}","private":true}
{"level":"error","message":"Sat Nov 18 2023 07:21:30 GMT+0100 (West Africa Standard Time)-{\"statusCode\":500,\"errorType\":\"INTERNAL_ERROR\",\"isOperational\":true,\"logError\":true}","private":true}
{"level":"error","message":"Sat Nov 18 2023 07:23:37 GMT+0100 (West Africa Standard Time)-{\"statusCode\":500,\"errorType\":\"INTERNAL_ERROR\",\"isOperational\":true,\"logError\":true}","private":true}
{"level":"error","message":"Sat Nov 18 2023 07:27:39 GMT+0100 (West Africa Standard Time)-{\"statusCode\":500,\"errorType\":\"INTERNAL_ERROR\",\"isOperational\":true,\"logError\":true}","private":true}
{"level":"error","message":"Sat Nov 18 2023 07:28:57 GMT+0100 (West Africa Standard Time)-{\"statusCode\":500,\"errorType\":\"INTERNAL_ERROR\",\"isOperational\":true,\"logError\":true}","private":true}
{"level":"error","message":"Sat Nov 18 2023 07:31:14 GMT+0100 (West Africa Standard Time)-{\"statusCode\":500,\"errorType\":\"INTERNAL_ERROR\",\"isOperational\":true,\"logError\":true}","private":true}
{"level":"error","message":"Sat Nov 18 2023 07:32:07 GMT+0100 (West Africa Standard Time)-{\"statusCode\":500,\"errorType\":\"INTERNAL_ERROR\",\"isOperational\":true,\"logError\":true}","private":true}
{"level":"error","message":"Sat Nov 18 2023 07:35:23 GMT+0100 (West Africa Standard Time)-{\"statusCode\":500,\"errorType\":\"INTERNAL_ERROR\",\"isOperational\":true,\"logError\":true}","private":true}
{"level":"error","message":"Sat Nov 18 2023 07:37:14 GMT+0100 (West Africa Standard Time)-{\"statusCode\":500,\"errorType\":\"INTERNAL_ERROR\",\"isOperational\":true,\"logError\":true}","private":true}
{"level":"error","message":"Sat Nov 18 2023 07:45:37 GMT+0100 (West Africa Standard Time)-{\"statusCode\":500,\"errorType\":\"INTERNAL_ERROR\",\"isOperational\":true,\"logError\":true}","private":true}
{"level":"error","message":"Sat Nov 18 2023 07:45:54 GMT+0100 (West Africa Standard Time)-{\"statusCode\":500,\"errorType\":\"INTERNAL_ERROR\",\"isOperational\":true,\"logError\":true}","private":true}
{"level":"error","message":"Sat Nov 18 2023 07:53:59 GMT+0100 (West Africa Standard Time)-{\"statusCode\":500,\"errorType\":\"INTERNAL_ERROR\",\"isOperational\":true,\"logError\":true}","private":true}
{"level":"error","message":"Sat Nov 18 2023 08:29:02 GMT+0100 (West Africa Standard Time)-{\"statusCode\":500,\"errorType\":\"INTERNAL_ERROR\",\"isOperational\":true,\"logError\":true}","private":true}
{"level":"error","message":"Sat Nov 18 2023 08:31:06 GMT+0100 (West Africa Standard Time)-{\"statusCode\":500,\"errorType\":\"INTERNAL_ERROR\",\"isOperational\":true,\"logError\":true}","private":true}
{"level":"error","message":"Mon Nov 20 2023 22:04:52 GMT+0100 (West Africa Standard Time)-{\"statusCode\":400,\"errorType\":\"BAD_REQUEST\",\"isOperational\":true,\"logError\":true}","private":true}
{"level":"error","message":"Mon Nov 20 2023 22:12:38 GMT+0100 (West Africa Standard Time)-{\"statusCode\":400,\"errorType\":\"BAD_REQUEST\",\"isOperational\":true,\"logError\":true}","private":true}
{"level":"error","message":"Mon Nov 20 2023 22:12:51 GMT+0100 (West Africa Standard Time)-{\"statusCode\":400,\"errorType\":\"BAD_REQUEST\",\"isOperational\":true,\"logError\":true}","private":true}
{"level":"error","message":"Mon Nov 20 2023 22:14:01 GMT+0100 (West Africa Standard Time)-{\"statusCode\":400,\"errorType\":\"BAD_REQUEST\",\"isOperational\":true,\"logError\":true}","private":true}
{"level":"error","message":"Mon Nov 20 2023 22:53:58 GMT+0100 (West Africa Standard Time)-{\"statusCode\":400,\"errorType\":\"BAD_REQUEST\",\"isOperational\":true,\"logError\":true}","private":true}
{"level":"error","message":"Mon Nov 20 2023 22:55:52 GMT+0100 (West Africa Standard Time)-{\"statusCode\":400,\"errorType\":\"BAD_REQUEST\",\"isOperational\":true,\"logError\":true}","private":true}
{"level":"error","message":"Mon Nov 20 2023 22:56:33 GMT+0100 (West Africa Standard Time)-{\"statusCode\":400,\"errorType\":\"BAD_REQUEST\",\"isOperational\":true,\"logError\":true}","private":true}
{"level":"error","message":"Tue Nov 21 2023 00:26:00 GMT+0100 (West Africa Standard Time)-{\"expose\":true,\"statusCode\":400,\"status\":400,\"body\":\"{\\r\\n  \\\"size\\\": \\\"medium\\\",\\r\\n  \\\"description\\\": \\\"string\\\",\\r\\n}\",\"type\":\"entity.parse.failed\"}","private":true}
{"level":"error","message":"Tue Nov 21 2023 00:27:13 GMT+0100 (West Africa Standard Time)-{\"statusCode\":403,\"errorType\":\"UNAUTHORIZED\",\"isOperational\":true,\"logError\":true}","private":true}
{"level":"error","message":"Tue Nov 21 2023 00:29:38 GMT+0100 (West Africa Standard Time)-{\"statusCode\":500,\"errorType\":\"INTERNAL_ERROR\",\"isOperational\":true,\"logError\":true}","private":true}
{"level":"error","message":"Tue Nov 21 2023 00:31:42 GMT+0100 (West Africa Standard Time)-{\"statusCode\":500,\"errorType\":\"INTERNAL_ERROR\",\"isOperational\":true,\"logError\":true}","private":true}
{"level":"error","message":"Tue Nov 21 2023 00:38:44 GMT+0100 (West Africa Standard Time)-{\"statusCode\":400,\"errorType\":\"BAD_REQUEST\",\"isOperational\":true,\"logError\":true}","private":true}
{"level":"error","message":"Tue Nov 21 2023 00:38:51 GMT+0100 (West Africa Standard Time)-{\"statusCode\":400,\"errorType\":\"BAD_REQUEST\",\"isOperational\":true,\"logError\":true}","private":true}
{"level":"error","message":"Tue Nov 21 2023 00:39:14 GMT+0100 (West Africa Standard Time)-{\"statusCode\":403,\"errorType\":\"UNAUTHORIZED\",\"isOperational\":true,\"logError\":true}","private":true}
{"level":"error","message":"Tue Nov 21 2023 00:40:24 GMT+0100 (West Africa Standard Time)-{\"statusCode\":500,\"errorType\":\"INTERNAL_ERROR\",\"isOperational\":true,\"logError\":true}","private":true}
{"level":"error","message":"Tue Nov 21 2023 00:40:34 GMT+0100 (West Africa Standard Time)-{\"statusCode\":500,\"errorType\":\"INTERNAL_ERROR\",\"isOperational\":true,\"logError\":true}","private":true}
{"level":"error","message":"Tue Nov 21 2023 00:40:39 GMT+0100 (West Africa Standard Time)-{\"statusCode\":500,\"errorType\":\"INTERNAL_ERROR\",\"isOperational\":true,\"logError\":true}","private":true}
{"level":"error","message":"Tue Nov 21 2023 00:43:40 GMT+0100 (West Africa Standard Time)-{\"statusCode\":400,\"errorType\":\"BAD_REQUEST\",\"isOperational\":true,\"logError\":true}","private":true}
{"level":"error","message":"Tue Nov 21 2023 00:44:24 GMT+0100 (West Africa Standard Time)-{\"statusCode\":500,\"errorType\":\"INTERNAL_ERROR\",\"isOperational\":true,\"logError\":true}","private":true}
{"level":"error","message":"Tue Nov 21 2023 00:46:58 GMT+0100 (West Africa Standard Time)-{\"statusCode\":500,\"errorType\":\"INTERNAL_ERROR\",\"isOperational\":true,\"logError\":true}","private":true}
{"level":"error","message":"Tue Nov 21 2023 00:49:43 GMT+0100 (West Africa Standard Time)-{\"statusCode\":500,\"errorType\":\"INTERNAL_ERROR\",\"isOperational\":true,\"logError\":true}","private":true}
{"level":"error","message":"Tue Nov 21 2023 00:50:42 GMT+0100 (West Africa Standard Time)-{\"statusCode\":500,\"errorType\":\"INTERNAL_ERROR\",\"isOperational\":true,\"logError\":true}","private":true}
{"level":"error","message":"Tue Nov 21 2023 00:53:17 GMT+0100 (West Africa Standard Time)-{\"statusCode\":500,\"errorType\":\"INTERNAL_ERROR\",\"isOperational\":true,\"logError\":true}","private":true}
{"level":"error","message":"Tue Nov 21 2023 00:55:29 GMT+0100 (West Africa Standard Time)-{\"statusCode\":500,\"errorType\":\"INTERNAL_ERROR\",\"isOperational\":true,\"logError\":true}","private":true}
{"level":"error","message":"Tue Nov 21 2023 00:58:58 GMT+0100 (West Africa Standard Time)-{\"statusCode\":500,\"errorType\":\"INTERNAL_ERROR\",\"isOperational\":true,\"logError\":true}","private":true}
{"level":"error","message":"Tue Nov 21 2023 01:04:26 GMT+0100 (West Africa Standard Time)-{\"statusCode\":400,\"errorType\":\"BAD_REQUEST\",\"isOperational\":true,\"logError\":true}","private":true}
{"level":"error","message":"Tue Nov 21 2023 01:04:37 GMT+0100 (West Africa Standard Time)-{\"statusCode\":500,\"errorType\":\"INTERNAL_ERROR\",\"isOperational\":true,\"logError\":true}","private":true}
{"level":"error","message":"Tue Nov 21 2023 01:19:49 GMT+0100 (West Africa Standard Time)-{\"statusCode\":500,\"errorType\":\"INTERNAL_ERROR\",\"isOperational\":true,\"logError\":true}","private":true}
{"level":"error","message":"Tue Nov 21 2023 01:21:34 GMT+0100 (West Africa Standard Time)-{\"statusCode\":400,\"errorType\":\"BAD_REQUEST\",\"isOperational\":true,\"logError\":true}","private":true}
{"level":"error","message":"Tue Nov 21 2023 01:24:46 GMT+0100 (West Africa Standard Time)-{\"statusCode\":500,\"errorType\":\"INTERNAL_ERROR\",\"isOperational\":true,\"logError\":true}","private":true}
{"level":"error","message":"Tue Nov 21 2023 01:29:57 GMT+0100 (West Africa Standard Time)-{\"statusCode\":500,\"errorType\":\"INTERNAL_ERROR\",\"isOperational\":true,\"logError\":true}","private":true}
{"level":"error","message":"Tue Nov 21 2023 01:31:34 GMT+0100 (West Africa Standard Time)-{\"statusCode\":500,\"errorType\":\"INTERNAL_ERROR\",\"isOperational\":true,\"logError\":true}","private":true}
{"level":"error","message":"Tue Nov 21 2023 01:50:30 GMT+0100 (West Africa Standard Time)-{\"statusCode\":500,\"errorType\":\"INTERNAL_ERROR\",\"isOperational\":true,\"logError\":true}","private":true}
{"level":"error","message":"Tue Nov 21 2023 01:51:14 GMT+0100 (West Africa Standard Time)-{\"statusCode\":500,\"errorType\":\"INTERNAL_ERROR\",\"isOperational\":true,\"logError\":true}","private":true}
{"level":"error","message":"Tue Nov 21 2023 01:51:28 GMT+0100 (West Africa Standard Time)-{\"statusCode\":500,\"errorType\":\"INTERNAL_ERROR\",\"isOperational\":true,\"logError\":true}","private":true}
{"level":"error","message":"Tue Nov 21 2023 02:18:28 GMT+0100 (West Africa Standard Time)-{\"statusCode\":400,\"errorType\":\"BAD_REQUEST\",\"isOperational\":true,\"logError\":true}","private":true}
{"level":"error","message":"Tue Nov 21 2023 02:19:30 GMT+0100 (West Africa Standard Time)-{\"statusCode\":400,\"errorType\":\"BAD_REQUEST\",\"isOperational\":true,\"logError\":true}","private":true}
{"level":"error","message":"Tue Nov 21 2023 02:20:26 GMT+0100 (West Africa Standard Time)-{\"statusCode\":400,\"errorType\":\"BAD_REQUEST\",\"isOperational\":true,\"logError\":true}","private":true}
{"level":"error","message":"Tue Nov 21 2023 02:21:59 GMT+0100 (West Africa Standard Time)-{\"statusCode\":400,\"errorType\":\"BAD_REQUEST\",\"isOperational\":true,\"logError\":true}","private":true}
{"level":"error","message":"Tue Nov 21 2023 02:22:16 GMT+0100 (West Africa Standard Time)-{\"statusCode\":403,\"errorType\":\"UNAUTHORIZED\",\"isOperational\":true,\"logError\":true}","private":true}
{"level":"error","message":"Tue Nov 21 2023 02:52:18 GMT+0100 (West Africa Standard Time)-{\"statusCode\":400,\"errorType\":\"BAD_REQUEST\",\"isOperational\":true,\"logError\":true}","private":true}
{"level":"error","message":"Tue Nov 21 2023 02:52:25 GMT+0100 (West Africa Standard Time)-{\"statusCode\":400,\"errorType\":\"BAD_REQUEST\",\"isOperational\":true,\"logError\":true}","private":true}
{"level":"error","message":"Tue Nov 21 2023 02:54:01 GMT+0100 (West Africa Standard Time)-{\"statusCode\":400,\"errorType\":\"BAD_REQUEST\",\"isOperational\":true,\"logError\":true}","private":true}
{"level":"error","message":"Tue Nov 21 2023 03:18:47 GMT+0100 (West Africa Standard Time)-{\"statusCode\":400,\"errorType\":\"BAD_REQUEST\",\"isOperational\":true,\"logError\":true}","private":true}
{"level":"error","message":"Tue Nov 21 2023 03:19:17 GMT+0100 (West Africa Standard Time)-{\"statusCode\":400,\"errorType\":\"BAD_REQUEST\",\"isOperational\":true,\"logError\":true}","private":true}
{"level":"error","message":"Tue Nov 21 2023 04:08:22 GMT+0100 (West Africa Standard Time)-{\"statusCode\":400,\"errorType\":\"BAD_REQUEST\",\"isOperational\":true,\"logError\":true}","private":true}
{"level":"error","message":"Tue Nov 21 2023 04:12:44 GMT+0100 (West Africa Standard Time)-{\"statusCode\":400,\"errorType\":\"BAD_REQUEST\",\"isOperational\":true,\"logError\":true}","private":true}
{"level":"error","message":"Tue Nov 21 2023 04:39:30 GMT+0100 (West Africa Standard Time)-{\"statusCode\":400,\"errorType\":\"BAD_REQUEST\",\"isOperational\":true,\"logError\":true}","private":true}
{"level":"error","message":"Tue Nov 21 2023 04:41:06 GMT+0100 (West Africa Standard Time)-{\"statusCode\":400,\"errorType\":\"BAD_REQUEST\",\"isOperational\":true,\"logError\":true}","private":true}
{"level":"error","message":"Tue Nov 21 2023 04:41:34 GMT+0100 (West Africa Standard Time)-{\"statusCode\":400,\"errorType\":\"BAD_REQUEST\",\"isOperational\":true,\"logError\":true}","private":true}
{"level":"error","message":"Tue Nov 21 2023 05:50:06 GMT+0100 (West Africa Standard Time)-{\"statusCode\":403,\"errorType\":\"UNAUTHORIZED\",\"isOperational\":true,\"logError\":true}","private":true}
{"level":"error","message":"Tue Nov 21 2023 05:50:52 GMT+0100 (West Africa Standard Time)-{\"statusCode\":403,\"errorType\":\"UNAUTHORIZED\",\"isOperational\":true,\"logError\":true}","private":true}
{"level":"error","message":"Tue Nov 21 2023 05:52:59 GMT+0100 (West Africa Standard Time)-{\"statusCode\":403,\"errorType\":\"UNAUTHORIZED\",\"isOperational\":true,\"logError\":true}","private":true}
{"level":"error","message":"Tue Nov 21 2023 05:54:19 GMT+0100 (West Africa Standard Time)-{\"statusCode\":400,\"errorType\":\"BAD_REQUEST\",\"isOperational\":true,\"logError\":true}","private":true}
{"level":"error","message":"Tue Nov 21 2023 23:37:11 GMT+0100 (West Africa Standard Time)-{\"statusCode\":403,\"errorType\":\"UNAUTHORIZED\",\"isOperational\":true,\"logError\":true}","private":true}
{"level":"error","message":"Tue Nov 21 2023 23:47:47 GMT+0100 (West Africa Standard Time)-{\"statusCode\":400,\"errorType\":\"BAD_REQUEST\",\"isOperational\":true,\"logError\":true}","private":true}
{"level":"error","message":"Tue Nov 21 2023 23:48:08 GMT+0100 (West Africa Standard Time)-{\"statusCode\":400,\"errorType\":\"BAD_REQUEST\",\"isOperational\":true,\"logError\":true}","private":true}
{"level":"error","message":"Tue Nov 21 2023 23:48:16 GMT+0100 (West Africa Standard Time)-{\"statusCode\":400,\"errorType\":\"BAD_REQUEST\",\"isOperational\":true,\"logError\":true}","private":true}
{"level":"error","message":"Thu Nov 23 2023 05:39:20 GMT+0100 (West Africa Standard Time)-{\"statusCode\":500,\"errorType\":\"INTERNAL_ERROR\",\"isOperational\":true,\"logError\":true}","private":true}
{"level":"error","message":"Thu Nov 23 2023 05:46:35 GMT+0100 (West Africa Standard Time)-{\"statusCode\":403,\"errorType\":\"UNAUTHORIZED\",\"isOperational\":true,\"logError\":true}","private":true}
{"level":"error","message":"Thu Nov 23 2023 06:25:39 GMT+0100 (West Africa Standard Time)-{\"statusCode\":400,\"errorType\":\"BAD_REQUEST\",\"isOperational\":true,\"logError\":true}","private":true}
{"level":"error","message":"Thu Nov 23 2023 06:26:31 GMT+0100 (West Africa Standard Time)-{}","private":true}
{"level":"error","message":"Thu Nov 23 2023 06:30:22 GMT+0100 (West Africa Standard Time)-{}","private":true}
{"level":"error","message":"Thu Nov 23 2023 06:31:57 GMT+0100 (West Africa Standard Time)-{}","private":true}
{"level":"error","message":"Thu Nov 23 2023 06:33:18 GMT+0100 (West Africa Standard Time)-{\"statusCode\":400,\"errorType\":\"BAD_REQUEST\",\"isOperational\":true,\"logError\":true}","private":true}
{"level":"error","message":"Thu Nov 23 2023 06:35:02 GMT+0100 (West Africa Standard Time)-{\"statusCode\":400,\"errorType\":\"BAD_REQUEST\",\"isOperational\":true,\"logError\":true}","private":true}
{"level":"error","message":"Thu Nov 23 2023 07:57:50 GMT+0100 (West Africa Standard Time)-{\"statusCode\":400,\"errorType\":\"BAD_REQUEST\",\"isOperational\":true,\"logError\":true}","private":true}
